Using pre-set license
Built from '2020.3/china_unity/release' branch; Version is '2020.3.16f1c1 (52703c1271a5) revision 5402684'; Using compiler version '192528614'; Build Type 'Release'
OS: 'Windows 10 Pro; OS build 19042.1165; Version 2009; 64bit' Language: 'zh' Physical Memory: 16348 MB
BatchMode: 1, IsHumanControllingUs: 0, StartBugReporterOnCrash: 0, Is64bit: 1, IsPro: 0

 COMMAND LINE ARGUMENTS:
D:\Program Files\Unity\2020.3.16f1c1\Editor\Unity.exe
-adb2
-batchMode
-noUpm
-name
AssetImportWorker0
-projectPath
F:/proj/testjs
-logFile
Logs/AssetImportWorker0.log
-srvPort
62206
Successfully changed project path to: F:/proj/testjs
F:/proj/testjs
Using Asset Import Pipeline V2.
AS: AutoStreaming module initializing.Refreshing native plugins compatible for Editor in 52.16 ms, found 5 plugins.
Preloading 0 native plugins for Editor in 0.00 ms.
Initialize engine version: 2020.3.16f1c1 (52703c1271a5)
[Subsystems] Discovering subsystems at path D:/Program Files/Unity/2020.3.16f1c1/Editor/Data/Resources/UnitySubsystems
[Subsystems] Discovering subsystems at path F:/proj/testjs/Assets
GfxDevice: creating device client; threaded=0
Direct3D:
    Version:  Direct3D 11.0 [level 11.1]
    Renderer: NVIDIA GeForce GTX 1060 3GB (ID=0x1c02)
    Vendor:   
    VRAM:     2988 MB
    Driver:   27.21.14.6589
Initialize mono
Mono path[0] = 'D:/Program Files/Unity/2020.3.16f1c1/Editor/Data/Managed'
Mono path[1] = 'D:/Program Files/Unity/2020.3.16f1c1/Editor/Data/MonoBleedingEdge/lib/mono/unityjit'
Mono config path = 'D:/Program Files/Unity/2020.3.16f1c1/Editor/Data/MonoBleedingEdge/etc'
Using monoOptions --debugger-agent=transport=dt_socket,embedding=1,server=y,suspend=n,address=127.0.0.1:56856
Begin MonoManager ReloadAssembly
Registering precompiled unity dll's ...
Register platform support module: D:/Program Files/Unity/2020.3.16f1c1/Editor/Data/PlaybackEngines/WebGLSupport/UnityEditor.WebGL.Extensions.dll
Register platform support module: D:/Program Files/Unity/2020.3.16f1c1/Editor/Data/PlaybackEngines/WindowsStandaloneSupport/UnityEditor.WindowsStandalone.Extensions.dll
Registered in 0.001409 seconds.
Native extension for WindowsStandalone target not found
Native extension for WebGL target not found
Refreshing native plugins compatible for Editor in 48.98 ms, found 5 plugins.
Preloading 0 native plugins for Editor in 0.00 ms.
Mono: successfully reloaded assembly
- Completed reload, in  1.263 seconds
Domain Reload Profiling:
	ReloadAssembly (1263ms)
		BeginReloadAssembly (60ms)
			ExecutionOrderSort (0ms)
			DisableScriptedObjects (0ms)
			BackupInstance (0ms)
			ReleaseScriptingObjects (0ms)
			CreateAndSetChildDomain (1ms)
		EndReloadAssembly (465ms)
			LoadAssemblies (59ms)
			RebuildTransferFunctionScriptingTraits (0ms)
			SetupTypeCache (161ms)
			ReleaseScriptCaches (0ms)
			RebuildScriptCaches (36ms)
			SetupLoadedEditorAssemblies (193ms)
				LogAssemblyErrors (0ms)
				InitializePlatformSupportModulesInManaged (5ms)
				SetLoadedEditorAssemblies (0ms)
				RefreshPlugins (49ms)
				BeforeProcessingInitializeOnLoad (18ms)
				ProcessInitializeOnLoadAttributes (89ms)
				ProcessInitializeOnLoadMethodAttributes (31ms)
				AfterProcessingInitializeOnLoad (0ms)
				EditorAssembliesLoaded (0ms)
			ExecutionOrderSort2 (0ms)
			AwakeInstancesAfterBackupRestoration (0ms)
Platform modules already initialized, skipping
Registering precompiled user dll's ...
Registered in 0.004434 seconds.
Begin MonoManager ReloadAssembly
Native extension for WindowsStandalone target not found
Native extension for WebGL target not found
Refreshing native plugins compatible for Editor in 0.61 ms, found 5 plugins.
Preloading 0 native plugins for Editor in 0.00 ms.
Mono: successfully reloaded assembly
- Completed reload, in  1.629 seconds
Domain Reload Profiling:
	ReloadAssembly (1630ms)
		BeginReloadAssembly (155ms)
			ExecutionOrderSort (0ms)
			DisableScriptedObjects (6ms)
			BackupInstance (0ms)
			ReleaseScriptingObjects (0ms)
			CreateAndSetChildDomain (19ms)
		EndReloadAssembly (1414ms)
			LoadAssemblies (91ms)
			RebuildTransferFunctionScriptingTraits (0ms)
			SetupTypeCache (329ms)
			ReleaseScriptCaches (0ms)
			RebuildScriptCaches (62ms)
			SetupLoadedEditorAssemblies (822ms)
				LogAssemblyErrors (0ms)
				InitializePlatformSupportModulesInManaged (7ms)
				SetLoadedEditorAssemblies (1ms)
				RefreshPlugins (1ms)
				BeforeProcessingInitializeOnLoad (98ms)
				ProcessInitializeOnLoadAttributes (708ms)
				ProcessInitializeOnLoadMethodAttributes (5ms)
				AfterProcessingInitializeOnLoad (2ms)
				EditorAssembliesLoaded (0ms)
			ExecutionOrderSort2 (0ms)
			AwakeInstancesAfterBackupRestoration (8ms)
Platform modules already initialized, skipping
========================================================================
Worker process is ready to serve import requests
Launched and connected shader compiler UnityShaderCompiler.exe after 0.05 seconds
Refreshing native plugins compatible for Editor in 0.53 ms, found 5 plugins.
Preloading 0 native plugins for Editor in 0.00 ms.
Unloading 1859 Unused Serialized files (Serialized files now loaded: 0)
System memory in use before: 87.6 MB.
System memory in use after: 87.6 MB.

Unloading 90 unused Assets to reduce memory usage. Loaded Objects now: 2300.
Total: 3.745700 ms (FindLiveObjects: 0.186100 ms CreateObjectMapping: 0.076500 ms MarkObjects: 3.307700 ms  DeleteObjects: 0.174300 ms)

AssetImportParameters requested are different than current active one (requested -> active):
  custom:framework-win-MediaFoundation: 216162199b28c13a410421893ffa2e32 -> 
  custom:video-decoder-ogg-theora: a1e56fd34408186e4bbccfd4996cb3dc -> 
  custom:container-muxer-webm: aa71ff27fc2769a1b78a27578f13a17b -> 
  custom:container-demuxer-webm: 4f35f7cbe854078d1ac9338744f61a02 -> 
  custom:container-demuxer-ogg: 62fdf1f143b41e24485cea50d1cbac27 -> 
  custom:video-encoder-webm-vp8: eb34c28f22e8b96e1ab97ce403110664 -> 
  custom:video-decoder-webm-vp8: 9c59270c3fd7afecdb556c50c9e8de78 -> 
  custom:audio-decoder-ogg-vorbis: bf7c407c2cedff20999df2af8eb42d56 -> 
  custom:audio-encoder-webm-vorbis: bf7c407c2cedff20999df2af8eb42d56 -> 
========================================================================
Received Import Request.
  path: Assets/AcquireChan/Scenes
  artifactKey: Guid(a23be5f2d5a9e4f4ba8dcc531fcdcaf2) Importer(815301076,1909f56bfc062723c751e8b465ee728b)
Start importing Assets/AcquireChan/Scenes using Guid(a23be5f2d5a9e4f4ba8dcc531fcdcaf2) Importer(815301076,1909f56bfc062723c751e8b465ee728b)  -> (artifact id: 'b0aa30f446fdcb9554d238686e9435da') in 0.011732 seconds 
  Import took 0.014953 seconds .

========================================================================
Received Import Request.
  Time since last request: 0.000196 seconds.
  path: Assets/AcquireChan/Scenes/motionView.unity
  artifactKey: Guid(dd6288e09125abf44b48db46513a8990) Importer(815301076,1909f56bfc062723c751e8b465ee728b)
Start importing Assets/AcquireChan/Scenes/motionView.unity using Guid(dd6288e09125abf44b48db46513a8990) Importer(815301076,1909f56bfc062723c751e8b465ee728b)  -> (artifact id: 'f405a7436f05b10cefb0ea79efe56770') in 0.011512 seconds 
  Import took 0.014815 seconds .

========================================================================
Received Import Request.
  Time since last request: 75.953099 seconds.
  path: Assets/AcquireChan/Animators/MotionView_acquirechan.asset
  artifactKey: Guid(9be7e3285ac97994190585ea7fcf205c) Importer(815301076,1909f56bfc062723c751e8b465ee728b)
Start importing Assets/AcquireChan/Animators/MotionView_acquirechan.asset using Guid(9be7e3285ac97994190585ea7fcf205c) Importer(815301076,1909f56bfc062723c751e8b465ee728b)  -> (artifact id: 'e8cc699b6fa6cb71515b4798f4f0a3e8') in 0.037562 seconds 
  Import took 0.042390 seconds .

========================================================================
Received Import Request.
  Time since last request: 8.371266 seconds.
  path: Assets/AcquireChan/Motions/mid_acq_twn_angry.fbx
  artifactKey: Guid(34d1709b40242874a838306172b84d6b) Importer(815301076,1909f56bfc062723c751e8b465ee728b)
Start importing Assets/AcquireChan/Motions/mid_acq_twn_angry.fbx using Guid(34d1709b40242874a838306172b84d6b) Importer(815301076,1909f56bfc062723c751e8b465ee728b)  -> (artifact id: '0c40f02f928b71788375ecec7568a013') in 0.132158 seconds 
  Import took 0.140255 seconds .

========================================================================
Received Import Request.
  Time since last request: 0.000211 seconds.
  path: Assets/AcquireChan/Motions/mid_acq_twn_sp.fbx
  artifactKey: Guid(676324d1ce807b8489bb9835ff09f25a) Importer(815301076,1909f56bfc062723c751e8b465ee728b)
Start importing Assets/AcquireChan/Motions/mid_acq_twn_sp.fbx using Guid(676324d1ce807b8489bb9835ff09f25a) Importer(815301076,1909f56bfc062723c751e8b465ee728b)  -> (artifact id: 'a32e7c14ae4ad5561b77b0c0455781f1') in 0.051110 seconds 
  Import took 0.058258 seconds .

========================================================================
Received Import Request.
  Time since last request: 0.000252 seconds.
  path: Assets/AcquireChan/Motions/mid_acq_twn_angry.fbx
  artifactKey: Guid(34d1709b40242874a838306172b84d6b) Importer(815301076,1909f56bfc062723c751e8b465ee728b)
Start importing Assets/AcquireChan/Motions/mid_acq_twn_angry.fbx using Guid(34d1709b40242874a838306172b84d6b) Importer(815301076,1909f56bfc062723c751e8b465ee728b)  -> (artifact id: '0c40f02f928b71788375ecec7568a013') in 0.039066 seconds 
  Import took 0.045813 seconds .

========================================================================
Received Import Request.
  Time since last request: 0.000037 seconds.
  path: Assets/AcquireChan/Motions/mid_acq_twn_jmp_a.fbx
  artifactKey: Guid(e9b767d272728a74893d08b0552ba3a6) Importer(815301076,1909f56bfc062723c751e8b465ee728b)
Start importing Assets/AcquireChan/Motions/mid_acq_twn_jmp_a.fbx using Guid(e9b767d272728a74893d08b0552ba3a6) Importer(815301076,1909f56bfc062723c751e8b465ee728b)  -> (artifact id: 'f02e3a8b6d721bf7dbead07245f9ac82') in 0.067070 seconds 
  Import took 0.076408 seconds .

========================================================================
Received Import Request.
  Time since last request: 0.000226 seconds.
  path: Assets/AcquireChan/Motions/mid_acq_twn_idl.fbx
  artifactKey: Guid(34917203f289ae24e8e3eb80cc27d8ee) Importer(815301076,1909f56bfc062723c751e8b465ee728b)
Start importing Assets/AcquireChan/Motions/mid_acq_twn_idl.fbx using Guid(34917203f289ae24e8e3eb80cc27d8ee) Importer(815301076,1909f56bfc062723c751e8b465ee728b)  -> (artifact id: 'ac7e97e8e3ea8363532726e8acb28d0b') in 0.034431 seconds 
  Import took 0.038551 seconds .

========================================================================
Received Import Request.
  Time since last request: 0.000213 seconds.
  path: Assets/AcquireChan/Motions/mid_acq_twn_jmp_b.fbx
  artifactKey: Guid(a7a299a797e71b2409528afe382ee659) Importer(815301076,1909f56bfc062723c751e8b465ee728b)
Start importing Assets/AcquireChan/Motions/mid_acq_twn_jmp_b.fbx using Guid(a7a299a797e71b2409528afe382ee659) Importer(815301076,1909f56bfc062723c751e8b465ee728b)  -> (artifact id: '2e787d174f274760cfe14af29c9cdca3') in 0.037569 seconds 
  Import took 0.046455 seconds .

========================================================================
Received Import Request.
  Time since last request: 0.000206 seconds.
  path: Assets/AcquireChan/Motions/mid_acq_twn_jmp_d.fbx
  artifactKey: Guid(87eee6c1be99a3647883b1638403cb53) Importer(815301076,1909f56bfc062723c751e8b465ee728b)
Start importing Assets/AcquireChan/Motions/mid_acq_twn_jmp_d.fbx using Guid(87eee6c1be99a3647883b1638403cb53) Importer(815301076,1909f56bfc062723c751e8b465ee728b)  -> (artifact id: '7cb4c424f83a0c7bfa1bc174f8405c13') in 0.060902 seconds 
  Import took 0.067003 seconds .

========================================================================
Received Import Request.
  Time since last request: 0.000209 seconds.
  path: Assets/AcquireChan/Motions/mid_acq_twn_sad.fbx
  artifactKey: Guid(12d008f93fe7cef4b9f69b7ee6bd8808) Importer(815301076,1909f56bfc062723c751e8b465ee728b)
Start importing Assets/AcquireChan/Motions/mid_acq_twn_sad.fbx using Guid(12d008f93fe7cef4b9f69b7ee6bd8808) Importer(815301076,1909f56bfc062723c751e8b465ee728b)  -> (artifact id: 'f9fd3d552c177cc2f26f3a4b56be363f') in 0.034567 seconds 
  Import took 0.040463 seconds .

========================================================================
Received Import Request.
  Time since last request: 0.000210 seconds.
  path: Assets/AcquireChan/Motions/mid_acq_twn_happy.fbx
  artifactKey: Guid(fead3e4527c59fd44895766d37c08ef7) Importer(815301076,1909f56bfc062723c751e8b465ee728b)
Start importing Assets/AcquireChan/Motions/mid_acq_twn_happy.fbx using Guid(fead3e4527c59fd44895766d37c08ef7) Importer(815301076,1909f56bfc062723c751e8b465ee728b)  -> (artifact id: 'a117bd323cdc999add259b1bf6228966') in 0.020614 seconds 
  Import took 0.023807 seconds .

========================================================================
Received Import Request.
  Time since last request: 0.000187 seconds.
  path: Assets/AcquireChan/Motions/mid_acq_twn_gree.fbx
  artifactKey: Guid(5599102196973a4429d5f4ecd72e24a3) Importer(815301076,1909f56bfc062723c751e8b465ee728b)
Start importing Assets/AcquireChan/Motions/mid_acq_twn_gree.fbx using Guid(5599102196973a4429d5f4ecd72e24a3) Importer(815301076,1909f56bfc062723c751e8b465ee728b)  -> (artifact id: '8f67802dd08574d810233e3fe20bbb17') in 0.037054 seconds 
  Import took 0.044368 seconds .

========================================================================
Received Import Request.
  Time since last request: 0.000043 seconds.
  path: Assets/AcquireChan/Motions/mid_acq_twn_wlk.fbx
  artifactKey: Guid(dd60f5fe9ba99d1458d7ae753454084e) Importer(815301076,1909f56bfc062723c751e8b465ee728b)
Start importing Assets/AcquireChan/Motions/mid_acq_twn_wlk.fbx using Guid(dd60f5fe9ba99d1458d7ae753454084e) Importer(815301076,1909f56bfc062723c751e8b465ee728b)  -> (artifact id: 'accb856aaf5d94bfc40e935df5441f3a') in 0.034087 seconds 
  Import took 0.041486 seconds .

========================================================================
Received Import Request.
  Time since last request: 0.000189 seconds.
  path: Assets/AcquireChan/Motions/mid_acq_twn_gree.fbx
  artifactKey: Guid(5599102196973a4429d5f4ecd72e24a3) Importer(815301076,1909f56bfc062723c751e8b465ee728b)
Start importing Assets/AcquireChan/Motions/mid_acq_twn_gree.fbx using Guid(5599102196973a4429d5f4ecd72e24a3) Importer(815301076,1909f56bfc062723c751e8b465ee728b)  -> (artifact id: '8f67802dd08574d810233e3fe20bbb17') in 0.014669 seconds 
  Import took 0.023295 seconds .

========================================================================
Received Import Request.
  Time since last request: 0.000169 seconds.
  path: Assets/AcquireChan/Motions/mid_acq_twn_jmp_c.fbx
  artifactKey: Guid(5f66dc7e1402b00478667266b8b64d47) Importer(815301076,1909f56bfc062723c751e8b465ee728b)
Start importing Assets/AcquireChan/Motions/mid_acq_twn_jmp_c.fbx using Guid(5f66dc7e1402b00478667266b8b64d47) Importer(815301076,1909f56bfc062723c751e8b465ee728b)  -> (artifact id: 'ccc91b5a1a81eacb5a3d3b73547438cb') in 0.018796 seconds 
  Import took 0.022537 seconds .

========================================================================
Received Import Request.
  Time since last request: 0.000186 seconds.
  path: Assets/AcquireChan/Motions/mid_acq_twn_jmp_e.fbx
  artifactKey: Guid(04f3b72c06331514c8a1160c0d147f63) Importer(815301076,1909f56bfc062723c751e8b465ee728b)
Start importing Assets/AcquireChan/Motions/mid_acq_twn_jmp_e.fbx using Guid(04f3b72c06331514c8a1160c0d147f63) Importer(815301076,1909f56bfc062723c751e8b465ee728b)  -> (artifact id: '797d3666e874f5e560a4653279decc87') in 0.024519 seconds 
  Import took 0.033150 seconds .

========================================================================
Received Import Request.
  Time since last request: 0.000189 seconds.
  path: Assets/AcquireChan/Motions/mid_acq_twn_run.fbx
  artifactKey: Guid(66029533ec3019f4693d8d4dd5cdec67) Importer(815301076,1909f56bfc062723c751e8b465ee728b)
Start importing Assets/AcquireChan/Motions/mid_acq_twn_run.fbx using Guid(66029533ec3019f4693d8d4dd5cdec67) Importer(815301076,1909f56bfc062723c751e8b465ee728b)  -> (artifact id: '5539d1b8d14eace7fe30aa166d60a157') in 0.043780 seconds 
  Import took 0.050460 seconds .

========================================================================
Received Import Request.
  Time since last request: 0.000462 seconds.
  path: Assets/AcquireChan/Motions/mid_acq_twn_idl_02.fbx
  artifactKey: Guid(041f37eab44462c448077845a596ea8a) Importer(815301076,1909f56bfc062723c751e8b465ee728b)
Start importing Assets/AcquireChan/Motions/mid_acq_twn_idl_02.fbx using Guid(041f37eab44462c448077845a596ea8a) Importer(815301076,1909f56bfc062723c751e8b465ee728b)  -> (artifact id: 'a18fb7ece6425e43cbdf6aad37336802') in 0.032900 seconds 
  Import took 0.042908 seconds .

========================================================================
Received Import Request.
  Time since last request: 0.005822 seconds.
  path: Assets/AcquireChan/Motions/mid_acq_twn_idl_02.fbx
  artifactKey: Guid(041f37eab44462c448077845a596ea8a) Importer(815301076,1909f56bfc062723c751e8b465ee728b)
Start importing Assets/AcquireChan/Motions/mid_acq_twn_idl_02.fbx using Guid(041f37eab44462c448077845a596ea8a) Importer(815301076,1909f56bfc062723c751e8b465ee728b)  -> (artifact id: 'a18fb7ece6425e43cbdf6aad37336802') in 0.033017 seconds 
  Import took 0.041991 seconds .

AssetImportWorkerClient::OnTransportError - code=2 error=End of file
